<?xml version="1.0" encoding="UTF-8"?>
<testsuite name="Sanity Test"
           tests="2"
           failures="0"
           errors="0"
           skipped="0"
           time="0.470">
  <properties />
  
  
            <testcase name="userShouldLoginSuccessfullyWithValidCredentials" time="0.247" classname="com.saucedemo.testsuite.LoginPageTest" />
                <testcase name="verifyThatSixProductsAreDisplayedOnPage" time="0.223" classname="com.saucedemo.testsuite.LoginPageTest" />
      
</testsuite>
